#
# There is insufficient memory for the Java Runtime Environment to continue.
# Native memory allocation (mmap) failed to map 134217728 bytes for G1 virtual space
# Possible reasons:
#   The system is out of physical RAM or swap space
#   The process is running with CompressedOops enabled, and the Java Heap may be blocking the growth of the native heap
# Possible solutions:
#   Reduce memory load on the system
#   Increase physical memory or swap space
#   Check if swap backing store is full
#   Decrease Java heap size (-Xmx/-Xms)
#   Decrease number of Java threads
#   Decrease Java thread stack sizes (-Xss)
#   Set larger code cache with -XX:ReservedCodeCacheSize=
#   JVM is running with Unscaled Compressed Oops mode in which the Java heap is
#     placed in the first 4GB address space. The Java Heap base address is the
#     maximum limit for the native heap growth. Please use -XX:HeapBaseMinAddress
#     to set the Java Heap base and to place the Java Heap above 4GB virtual address.
# This output file may be truncated or incomplete.
#
#  Out of Memory Error (os_windows.cpp:3530), pid=1416, tid=17360
#
# JRE version:  (18.0+36) (build )
# Java VM: Java HotSpot(TM) 64-Bit Server VM (18+36-2087, mixed mode, sharing, tiered, compressed oops, compressed class ptrs, g1 gc, windows-amd64)
# No core dump will be written. Minidumps are not enabled by default on client versions of Windows
#

---------------  S U M M A R Y ------------

Command Line: -Dfile.encoding=EUC-KR -XX:+ShowCodeDetailsInExceptionMessages WinMain

Host: Intel(R) Core(TM) i7-6700 CPU @ 3.40GHz, 8 cores, 7G,  Windows 10 , 64 bit Build 19041 (10.0.19041.1889)
Time: Wed Sep  7 16:47:53 2022  Windows 10 , 64 bit Build 19041 (10.0.19041.1889) elapsed time: 0.010846 seconds (0d 0h 0m 0s)

---------------  T H R E A D  ---------------

Current thread (0x000002b2f8add040):  JavaThread "Unknown thread" [_thread_in_vm, id=17360, stack(0x000000eecad00000,0x000000eecae00000)]

Stack: [0x000000eecad00000,0x000000eecae00000]
Native frames: (J=compiled Java code, j=interpreted, Vv=VM code, C=native code)
V  [jvm.dll+0x69804a]
V  [jvm.dll+0x7f308d]
V  [jvm.dll+0x7f499e]
V  [jvm.dll+0x7f5053]
V  [jvm.dll+0x25ca3f]
V  [jvm.dll+0x694f99]
V  [jvm.dll+0x689aca]
V  [jvm.dll+0x321efb]
V  [jvm.dll+0x3298d6]
V  [jvm.dll+0x37e47e]
V  [jvm.dll+0x37e6af]
V  [jvm.dll+0x2f9c7a]
V  [jvm.dll+0x2facdd]
V  [jvm.dll+0x7c1cc0]
V  [jvm.dll+0x38b801]
V  [jvm.dll+0x7a09d3]
V  [jvm.dll+0x40d6bf]
V  [jvm.dll+0x40f091]
C  [jli.dll+0x526b]
C  [ucrtbase.dll+0x21bb2]
C  [KERNEL32.DLL+0x17034]
C  [ntdll.dll+0x52651]


---------------  P R O C E S S  ---------------

Threads class SMR info:
_java_thread_list=0x00007ffdfc9fe550, length=0, elements={
}

Java Threads: ( => current thread )

Other Threads:
  0x000002b2f8b3d0f0 WorkerThread "GC Thread#0" [stack: 0x000000eecae00000,0x000000eecaf00000] [id=17404]
  0x000002b2f8b4f5a0 ConcurrentGCThread "G1 Main Marker" [stack: 0x000000eecaf00000,0x000000eecb000000] [id=20592]
  0x000002b2f8b4fea0 WorkerThread "G1 Conc#0" [stack: 0x000000eecb000000,0x000000eecb100000] [id=15492]

[error occurred during error reporting (printing all threads), id 0xc0000005, EXCEPTION_ACCESS_VIOLATION (0xc0000005) at pc=0x00007ffdfc22a217]

VM state: not at safepoint (not fully initialized)

VM Mutex/Monitor currently owned by a thread:  ([mutex/lock_event])
[0x000002b2f8ad7ea0] Heap_lock - owner thread: 0x000002b2f8add040

Heap address: 0x0000000080a00000, size: 2038 MB, Compressed Oops mode: 32-bit

CDS archive(s) mapped at: [0x0000000000000000-0x0000000000000000-0x0000000000000000), size 0, SharedBaseAddress: 0x0000000800000000, ArchiveRelocationMode: 0.
Narrow klass base: 0x0000000000000000, Narrow klass shift: 0, Narrow klass range: 0x0

GC Precious Log:
 CardTable entry size: 512
 Card Set container configuration: InlinePtr #cards 5 size 8 Array Of Cards #cards 12 size 40 Howl #buckets 4 coarsen threshold 1843 Howl Bitmap #cards 512 size 80 coarsen threshold 460 Card regions per heap region 1 cards per card region 2048

Heap:
 garbage-first heap   total 0K, used 0K [0x0000000080a00000, 0x0000000100000000)
  region size 1024K, 0 young (0K), 0 survivors (0K)

[error occurred during error reporting (printing heap information), id 0xc0000005, EXCEPTION_ACCESS_VIOLATION (0xc0000005) at pc=0x00007ffdfc610489]

GC Heap History (0 events):
No events

Deoptimization events (0 events):
No events

Classes loaded (0 events):
No events

Classes unloaded (0 events):
No events

Classes redefined (0 events):
No events

Internal exceptions (0 events):
No events

VM Operations (0 events):
No events

Events (1 events):
Event: 0.006 Loaded shared library C:\Program Files\Java\jdk-18\bin\java.dll


Dynamic libraries:
0x00007ff6e2710000 - 0x00007ff6e2720000 	C:\Program Files\Java\jdk-18\bin\javaw.exe
0x00007ffe208b0000 - 0x00007ffe20aa8000 	C:\WINDOWS\SYSTEM32\ntdll.dll
0x00007ffe1ec70000 - 0x00007ffe1ed2d000 	C:\WINDOWS\System32\KERNEL32.DLL
0x00007ffe1e460000 - 0x00007ffe1e72e000 	C:\WINDOWS\System32\KERNELBASE.dll
0x00007ffe1e140000 - 0x00007ffe1e240000 	C:\WINDOWS\System32\ucrtbase.dll
0x00007ffe13eb0000 - 0x00007ffe13eca000 	C:\Program Files\Java\jdk-18\bin\VCRUNTIME140.dll
0x00007ffe13a50000 - 0x00007ffe13a68000 	C:\Program Files\Java\jdk-18\bin\jli.dll
0x00007ffe1f950000 - 0x00007ffe1f9fe000 	C:\WINDOWS\System32\ADVAPI32.dll
0x00007ffe206a0000 - 0x00007ffe2073e000 	C:\WINDOWS\System32\msvcrt.dll
0x00007ffe1f8b0000 - 0x00007ffe1f94c000 	C:\WINDOWS\System32\sechost.dll
0x00007ffe1f210000 - 0x00007ffe1f335000 	C:\WINDOWS\System32\RPCRT4.dll
0x00007ffe1fa60000 - 0x00007ffe1fc00000 	C:\WINDOWS\System32\USER32.dll
0x00007ffe0bee0000 - 0x00007ffe0c17a000 	C:\WINDOWS\WinSxS\amd64_microsoft.windows.common-controls_6595b64144ccf1df_6.0.19041.1110_none_60b5254171f9507e\COMCTL32.dll
0x00007ffe1e730000 - 0x00007ffe1e752000 	C:\WINDOWS\System32\win32u.dll
0x00007ffe1f410000 - 0x00007ffe1f43a000 	C:\WINDOWS\System32\GDI32.dll
0x00007ffe1e800000 - 0x00007ffe1e90b000 	C:\WINDOWS\System32\gdi32full.dll
0x00007ffe1e760000 - 0x00007ffe1e7fd000 	C:\WINDOWS\System32\msvcp_win.dll
0x00007ffe15ef0000 - 0x00007ffe15efa000 	C:\WINDOWS\SYSTEM32\VERSION.dll
0x00007ffe20560000 - 0x00007ffe20590000 	C:\WINDOWS\System32\IMM32.DLL
0x00007ffe19e60000 - 0x00007ffe19e6c000 	C:\Program Files\Java\jdk-18\bin\vcruntime140_1.dll
0x00007ffe115d0000 - 0x00007ffe1165d000 	C:\Program Files\Java\jdk-18\bin\msvcp140.dll
0x00007ffdfbf20000 - 0x00007ffdfcb31000 	C:\Program Files\Java\jdk-18\bin\server\jvm.dll
0x00007ffe20680000 - 0x00007ffe20688000 	C:\WINDOWS\System32\PSAPI.DLL
0x00007ffe0c770000 - 0x00007ffe0c779000 	C:\WINDOWS\SYSTEM32\WSOCK32.dll
0x00007ffe13e70000 - 0x00007ffe13e97000 	C:\WINDOWS\SYSTEM32\WINMM.dll
0x00007ffe1f080000 - 0x00007ffe1f0eb000 	C:\WINDOWS\System32\WS2_32.dll
0x00007ffe1bef0000 - 0x00007ffe1bf02000 	C:\WINDOWS\SYSTEM32\kernel.appcore.dll
0x00007ffe13ea0000 - 0x00007ffe13eaa000 	C:\Program Files\Java\jdk-18\bin\jimage.dll
0x00007ffe0da90000 - 0x00007ffe0dc74000 	C:\WINDOWS\SYSTEM32\DBGHELP.DLL
0x00007ffe0d180000 - 0x00007ffe0d1ac000 	C:\WINDOWS\SYSTEM32\dbgcore.DLL
0x00007ffe1e270000 - 0x00007ffe1e2f2000 	C:\WINDOWS\System32\bcryptPrimitives.dll
0x00007ffe11890000 - 0x00007ffe118b5000 	C:\Program Files\Java\jdk-18\bin\java.dll

dbghelp: loaded successfully - version: 4.0.5 - missing functions: none
symbol engine: initialized successfully - sym options: 0x614 - pdb path: .;C:\Program Files\Java\jdk-18\bin;C:\WINDOWS\SYSTEM32;C:\WINDOWS\WinSxS\amd64_microsoft.windows.common-controls_6595b64144ccf1df_6.0.19041.1110_none_60b5254171f9507e;C:\Program Files\Java\jdk-18\bin\server

VM Arguments:
jvm_args: -Dfile.encoding=EUC-KR -XX:+ShowCodeDetailsInExceptionMessages 
java_command: WinMain
java_class_path (initial): D:\javawork\project\bin;C:\Users\ATE\Downloads\mysql-connector-java-8.0.29\mysql-connector-java-8.0.29.jar;C:\Users\ATE\Downloads\JSplashScreen.jar;F:\selenium-server-4.3.0.jar;F:\kobis-opcl-rest-v1.0.jar;F:\kobis-opcl-soap-v1.0.jar;C:\Users\ATE\Documents\jsoup-1.15.2.jar
Launcher Type: SUN_STANDARD

[Global flags]
     intx CICompilerCount                          = 4                                         {product} {ergonomic}
     uint ConcGCThreads                            = 2                                         {product} {ergonomic}
     uint G1ConcRefinementThreads                  = 8                                         {product} {ergonomic}
   size_t G1HeapRegionSize                         = 1048576                                   {product} {ergonomic}
    uintx GCDrainStackTargetSize                   = 64                                        {product} {ergonomic}
   size_t InitialHeapSize                          = 134217728                                 {product} {ergonomic}
   size_t MarkStackSize                            = 4194304                                   {product} {ergonomic}
   size_t MaxHeapSize                              = 2136997888                                {product} {ergonomic}
   size_t MinHeapDeltaBytes                        = 1048576                                   {product} {ergonomic}
   size_t MinHeapSize                              = 8388608                                   {product} {ergonomic}
    uintx NonNMethodCodeHeapSize                   = 5839372                                {pd product} {ergonomic}
    uintx NonProfiledCodeHeapSize                  = 122909434                              {pd product} {ergonomic}
    uintx ProfiledCodeHeapSize                     = 122909434                              {pd product} {ergonomic}
    uintx ReservedCodeCacheSize                    = 251658240                              {pd product} {ergonomic}
     bool SegmentedCodeCache                       = true                                      {product} {ergonomic}
     bool ShowCodeDetailsInExceptionMessages       = true                                   {manageable} {command line}
   size_t SoftMaxHeapSize                          = 2136997888                             {manageable} {ergonomic}
     bool UseCompressedClassPointers               = true                           {product lp64_product} {ergonomic}
     bool UseCompressedOops                        = true                           {product lp64_product} {ergonomic}
     bool UseG1GC                                  = true                                      {product} {ergonomic}
     bool UseLargePagesIndividualAllocation        = false                                  {pd product} {ergonomic}

Logging:
Log output configuration:
 #0: stdout all=warning uptime,level,tags foldmultilines=false
 #1: stderr all=off uptime,level,tags foldmultilines=false

Environment Variables:
JAVA_HOME=C:\Program Files\Java\jdk-11.0.12\bin
PATH=C:/Program Files/Java/jdk-18/bin/server;C:/Program Files/Java/jdk-18/bin;C:\oraclexe\app\oracle\product\11.2.0\server\bin;;C:\Program Files\Common Files\Oracle\Java\javapath;C:\WINDOWS\system32;C:\WINDOWS;C:\WINDOWS\System32\Wbem;C:\WINDOWS\System32\WindowsPowerShell\v1.0\;C:\WINDOWS\System32\OpenSSH\;C:\Program Files\MySQL\MySQL Server 8.0\bin;C:\Program Files\Microsoft SQL Server\130\Tools\Binn\;C:\Program Files\Bandizip\;C:\Program Files\Java\script;C:\Program Files\nodejs\;C:\Users\ATE\AppData\Local\Microsoft\WindowsApps;C:\Users\ATE\AppData\Local\Programs\Microsoft VS Code\bin;C:\Users\ATE\AppData\Roaming\npm;C:\Users\ATE\Desktop;
USERNAME=ATE
OS=Windows_NT
PROCESSOR_IDENTIFIER=Intel64 Family 6 Model 94 Stepping 3, GenuineIntel



---------------  S Y S T E M  ---------------

OS:
 Windows 10 , 64 bit Build 19041 (10.0.19041.1889)
OS uptime: 7 days 22:57 hours

CPU: total 8 (initial active 8) (4 cores per cpu, 2 threads per core) family 6 model 94 stepping 3 microcode 0xcc, cx8, cmov, fxsr, ht, mmx, 3dnowpref, sse, sse2, sse3, ssse3, sse4.1, sse4.2, popcnt, lzcnt, tsc, tscinvbit, avx, avx2, aes, erms, clmul, bmi1, bmi2, rtm, adx, fma, vzeroupper, clflush, clflushopt

Memory: 4k page, system-wide physical 8145M (2101M free)
TotalPageFile size 12241M (AvailPageFile size 131M)
current process WorkingSet (physical memory assigned to process): 10M, peak: 10M
current process commit charge ("private bytes"): 60M, peak: 188M

vm_info: Java HotSpot(TM) 64-Bit Server VM (18+36-2087) for windows-amd64 JRE (18+36-2087), built on Feb 15 2022 09:43:11 by "mach5one" with MS VC++ 16.8 / 16.9 (VS2019)

END.
